[2026-05-16 13:40:39,209][2908355] register_encoder_factory: <function make_vizdoom_encoder at 0x7d51fc5f5b40>
fatal: not a git repository (or any of the parent directories): .git
[2026-05-16 13:40:39,216][2908355] Could not query the git revision for the logs, perhaps git is not available
[2026-05-16 13:40:39,216][2908355] Loading existing experiment configuration from models/sample_factory_train_dir/default_experiment/config.json
[2026-05-16 13:40:39,216][2908355] Overriding arg 'train_dir' with value 'models/sample_factory_train_dir' passed from command line
[2026-05-16 13:40:39,216][2908355] Adding new argument 'lr_adaptive_min'=1e-06 that is not in the saved config file!
[2026-05-16 13:40:39,216][2908355] Adding new argument 'lr_adaptive_max'=0.01 that is not in the saved config file!
[2026-05-16 13:40:39,216][2908355] Adding new argument 'no_render'=True that is not in the saved config file!
[2026-05-16 13:40:39,217][2908355] Adding new argument 'save_video'=True that is not in the saved config file!
[2026-05-16 13:40:39,217][2908355] Adding new argument 'video_frames'=8000 that is not in the saved config file!
[2026-05-16 13:40:39,217][2908355] Adding new argument 'video_name'='default_experiment_native640_eval.mp4' that is not in the saved config file!
[2026-05-16 13:40:39,217][2908355] Adding new argument 'max_num_frames'=1000000000.0 that is not in the saved config file!
[2026-05-16 13:40:39,217][2908355] Adding new argument 'max_num_episodes'=10 that is not in the saved config file!
[2026-05-16 13:40:39,217][2908355] Adding new argument 'push_to_hub'=False that is not in the saved config file!
[2026-05-16 13:40:39,217][2908355] Adding new argument 'hf_repository'=None that is not in the saved config file!
[2026-05-16 13:40:39,217][2908355] Adding new argument 'policy_index'=0 that is not in the saved config file!
[2026-05-16 13:40:39,217][2908355] Adding new argument 'eval_deterministic'=False that is not in the saved config file!
[2026-05-16 13:40:39,217][2908355] Adding new argument 'enjoy_script'=None that is not in the saved config file!
[2026-05-16 13:40:39,217][2908355] Adding new argument 'record_to'=None that is not in the saved config file!
[2026-05-16 13:40:39,217][2908355] Using frameskip 1 and render_action_repeat=4 for evaluation
[2026-05-16 13:40:39,242][2908355] Doom resolution: 640x480, resize resolution: (128, 72)
/home/miaoyunlong/miniconda3/envs/vizdoom-rl/lib/python3.10/site-packages/gymnasium/core.py:311: UserWarning: [33mWARN: env.num_agents to get variables from other wrappers is deprecated and will be removed in v1.0, to get this variable you can do `env.unwrapped.num_agents` for environment variables or `env.get_wrapper_attr('num_agents')` that will search the reminding wrappers.[0m
  logger.warn(
/home/miaoyunlong/miniconda3/envs/vizdoom-rl/lib/python3.10/site-packages/gymnasium/core.py:311: UserWarning: [33mWARN: env.is_multiagent to get variables from other wrappers is deprecated and will be removed in v1.0, to get this variable you can do `env.unwrapped.is_multiagent` for environment variables or `env.get_wrapper_attr('is_multiagent')` that will search the reminding wrappers.[0m
  logger.warn(
[2026-05-16 13:40:39,243][2908355] RunningMeanStd input shape: (3, 72, 128)
[2026-05-16 13:40:39,244][2908355] RunningMeanStd input shape: (1,)
[2026-05-16 13:40:39,252][2908355] ConvEncoder: input_channels=3
[2026-05-16 13:40:39,313][2908355] Conv encoder output size: 512
[2026-05-16 13:40:39,313][2908355] Policy head output size: 512
[2026-05-16 13:40:39,556][2908355] Loading state from checkpoint models/sample_factory_train_dir/default_experiment/checkpoint_p0/checkpoint_000012209_50008064.pth...
[2026-05-16 13:40:40,499][2908355] Num frames 100...
[2026-05-16 13:40:40,853][2908355] Avg episode rewards: #0: 9.594, true rewards: #0: 9.594
[2026-05-16 13:40:40,854][2908355] Avg episode reward: 9.594, avg true_objective: 9.594
[2026-05-16 13:40:40,994][2908355] Num frames 200...
[2026-05-16 13:40:41,445][2908355] Num frames 300...
[2026-05-16 13:40:41,818][2908355] Avg episode rewards: #0: 16.199, true rewards: #0: 16.199
[2026-05-16 13:40:41,818][2908355] Avg episode reward: 16.199, avg true_objective: 16.199
[2026-05-16 13:40:41,947][2908355] Num frames 400...
[2026-05-16 13:40:42,396][2908355] Num frames 500...
[2026-05-16 13:40:42,526][2908355] Avg episode rewards: #0: 13.364, true rewards: #0: 13.364
[2026-05-16 13:40:42,527][2908355] Avg episode reward: 13.364, avg true_objective: 13.364
[2026-05-16 13:40:42,912][2908355] Num frames 600...
[2026-05-16 13:40:43,136][2908355] Avg episode rewards: #0: 11.896, true rewards: #0: 11.896
[2026-05-16 13:40:43,136][2908355] Avg episode reward: 11.896, avg true_objective: 11.896
[2026-05-16 13:40:43,447][2908355] Num frames 700...
[2026-05-16 13:40:43,936][2908355] Num frames 800...
[2026-05-16 13:40:44,195][2908355] Avg episode rewards: #0: 14.070, true rewards: #0: 14.070
[2026-05-16 13:40:44,195][2908355] Avg episode reward: 14.070, avg true_objective: 14.070
[2026-05-16 13:40:44,469][2908355] Num frames 900...
[2026-05-16 13:40:44,908][2908355] Num frames 1000...
[2026-05-16 13:40:45,102][2908355] Avg episode rewards: #0: 15.529, true rewards: #0: 15.529
[2026-05-16 13:40:45,102][2908355] Avg episode reward: 15.529, avg true_objective: 15.529
[2026-05-16 13:40:45,415][2908355] Num frames 1100...
[2026-05-16 13:40:45,855][2908355] Avg episode rewards: #0: 14.387, true rewards: #0: 14.387
[2026-05-16 13:40:45,855][2908355] Avg episode reward: 14.387, avg true_objective: 14.387
[2026-05-16 13:40:45,934][2908355] Num frames 1200...
[2026-05-16 13:40:46,419][2908355] Num frames 1300...
[2026-05-16 13:40:46,600][2908355] Avg episode rewards: #0: 13.535, true rewards: #0: 13.535
[2026-05-16 13:40:46,600][2908355] Avg episode reward: 13.535, avg true_objective: 13.535
[2026-05-16 13:40:46,946][2908355] Num frames 1400...
[2026-05-16 13:40:47,092][2908355] Avg episode rewards: #0: 12.518, true rewards: #0: 12.518
[2026-05-16 13:40:47,093][2908355] Avg episode reward: 12.518, avg true_objective: 12.518
[2026-05-16 13:40:47,500][2908355] Avg episode rewards: #0: 11.575, true rewards: #0: 11.575
[2026-05-16 13:40:47,501][2908355] Avg episode reward: 11.575, avg true_objective: 11.575
ffmpeg version 4.4.2-0ubuntu0.22.04.1 Copyright (c) 2000-2021 the FFmpeg developers
  built with gcc 11 (Ubuntu 11.2.0-19ubuntu1)
  configuration: --prefix=/usr --extra-version=0ubuntu0.22.04.1 --toolchain=hardened --libdir=/usr/lib/x86_64-linux-gnu --incdir=/usr/include/x86_64-linux-gnu --arch=amd64 --enable-gpl --disable-stripping --enable-gnutls --enable-ladspa --enable-libaom --enable-libass --enable-libbluray --enable-libbs2b --enable-libcaca --enable-libcdio --enable-libcodec2 --enable-libdav1d --enable-libflite --enable-libfontconfig --enable-libfreetype --enable-libfribidi --enable-libgme --enable-libgsm --enable-libjack --enable-libmp3lame --enable-libmysofa --enable-libopenjpeg --enable-libopenmpt --enable-libopus --enable-libpulse --enable-librabbitmq --enable-librubberband --enable-libshine --enable-libsnappy --enable-libsoxr --enable-libspeex --enable-libsrt --enable-libssh --enable-libtheora --enable-libtwolame --enable-libvidstab --enable-libvorbis --enable-libvpx --enable-libwebp --enable-libx265 --enable-libxml2 --enable-libxvid --enable-libzimg --enable-libzmq --enable-libzvbi --enable-lv2 --enable-omx --enable-openal --enable-opencl --enable-opengl --enable-sdl2 --enable-pocketsphinx --enable-librsvg --enable-libmfx --enable-libdc1394 --enable-libdrm --enable-libiec61883 --enable-chromaprint --enable-frei0r --enable-libx264 --enable-shared
  libavutil      56. 70.100 / 56. 70.100
  libavcodec     58.134.100 / 58.134.100
  libavformat    58. 76.100 / 58. 76.100
  libavdevice    58. 13.100 / 58. 13.100
  libavfilter     7.110.100 /  7.110.100
  libswscale      5.  9.100 /  5.  9.100
  libswresample   3.  9.100 /  3.  9.100
  libpostproc    55.  9.100 / 55.  9.100
Input #0, mov,mp4,m4a,3gp,3g2,mj2, from '/tmp/sf2_miaoyunlong/default_experiment_native640_eval.mp4':
  Metadata:
    major_brand     : isom
    minor_version   : 512
    compatible_brands: isomiso2mp41
    encoder         : Lavf59.27.100
  Duration: 00:00:42.80, start: 0.000000, bitrate: 5591 kb/s
  Stream #0:0(und): Video: mpeg4 (Simple Profile) (mp4v / 0x7634706D), yuv420p, 640x480 [SAR 1:1 DAR 4:3], 5590 kb/s, 35 fps, 35 tbr, 17920 tbn, 35 tbc (default)
    Metadata:
      handler_name    : VideoHandler
      vendor_id       : [0][0][0][0]
Stream mapping:
  Stream #0:0 -> #0:0 (mpeg4 (native) -> h264 (libx264))
Press [q] to stop, [?] for help
[libx264 @ 0x5ec3991a9080] using SAR=1/1
[libx264 @ 0x5ec3991a9080] using cpu capabilities: MMX2 SSE2Fast SSSE3 SSE4.2 AVX FMA3 BMI2 AVX2
[libx264 @ 0x5ec3991a9080] profile High, level 3.1, 4:2:0, 8-bit
[libx264 @ 0x5ec3991a9080] 264 - core 163 r3060 5db6aa6 - H.264/MPEG-4 AVC codec - Copyleft 2003-2021 - http://www.videolan.org/x264.html - options: cabac=1 ref=3 deblock=1:0:0 analyse=0x3:0x113 me=hex subme=7 psy=1 psy_rd=1.00:0.00 mixed_ref=1 me_range=16 chroma_me=1 trellis=1 8x8dct=1 cqm=0 deadzone=21,11 fast_pskip=1 chroma_qp_offset=-2 threads=15 lookahead_threads=2 sliced_threads=0 nr=0 decimate=1 interlaced=0 bluray_compat=0 constrained_intra=0 bframes=3 b_pyramid=2 b_adapt=1 b_bias=0 direct=1 weightb=1 open_gop=0 weightp=2 keyint=250 keyint_min=25 scenecut=40 intra_refresh=0 rc_lookahead=40 rc=crf mbtree=1 crf=23.0 qcomp=0.60 qpmin=0 qpmax=69 qpstep=4 ip_ratio=1.40 aq=1:1.00
Output #0, mp4, to 'models/sample_factory_train_dir/default_experiment/default_experiment_native640_eval.mp4':
  Metadata:
    major_brand     : isom
    minor_version   : 512
    compatible_brands: isomiso2mp41
    encoder         : Lavf58.76.100
  Stream #0:0(und): Video: h264 (avc1 / 0x31637661), yuv420p(progressive), 640x480 [SAR 1:1 DAR 4:3], q=2-31, 35 fps, 17920 tbn (default)
    Metadata:
      handler_name    : VideoHandler
      vendor_id       : [0][0][0][0]
      encoder         : Lavc58.134.100 libx264
    Side data:
      cpb: bitrate max/min/avg: 0/0/0 buffer size: 0 vbv_delay: N/A
frame=    1 fps=0.0 q=0.0 size=       0kB time=00:00:00.00 bitrate=N/A speed=   0x    frame=  213 fps=0.0 q=30.0 size=     768kB time=00:00:04.31 bitrate=1458.4kbits/s speed=8.46x    frame=  400 fps=395 q=30.0 size=    2048kB time=00:00:09.65 bitrate=1737.3kbits/s speed=9.54x    frame=  577 fps=381 q=30.0 size=    3072kB time=00:00:14.71 bitrate=1710.3kbits/s speed=9.72x    frame=  759 fps=377 q=30.0 size=    4096kB time=00:00:19.91 bitrate=1685.0kbits/s speed=9.88x    frame=  944 fps=375 q=30.0 size=    5376kB time=00:00:25.20 bitrate=1747.6kbits/s speed=  10x    frame= 1130 fps=374 q=30.0 size=    6400kB time=00:00:30.51 bitrate=1718.2kbits/s speed=10.1x    frame= 1305 fps=370 q=30.0 size=    7424kB time=00:00:35.51 bitrate=1712.5kbits/s speed=10.1x    frame= 1498 fps=372 q=30.0 size=    8704kB time=00:00:41.02 bitrate=1737.9kbits/s speed=10.2x    frame= 1498 fps=358 q=-1.0 Lsize=    9157kB time=00:00:42.71 bitrate=1756.2kbits/s speed=10.2x    
video:9145kB audio:0kB subtitle:0kB other streams:0kB global headers:0kB muxing overhead: 0.131861%
[libx264 @ 0x5ec3991a9080] frame I:7     Avg QP:21.53  size: 35140
[libx264 @ 0x5ec3991a9080] frame P:1108  Avg QP:25.69  size:  6949
[libx264 @ 0x5ec3991a9080] frame B:383   Avg QP:27.63  size:  3704
[libx264 @ 0x5ec3991a9080] consecutive B-frames: 60.8% 10.7% 13.8% 14.7%
[libx264 @ 0x5ec3991a9080] mb I  I16..4:  1.6% 84.0% 14.4%
[libx264 @ 0x5ec3991a9080] mb P  I16..4:  1.1% 14.2%  1.4%  P16..4: 43.4% 12.4%  4.7%  0.0%  0.0%    skip:22.7%
[libx264 @ 0x5ec3991a9080] mb B  I16..4:  0.8%  5.4%  0.4%  B16..8: 39.7% 11.2%  1.5%  direct: 2.5%  skip:38.5%  L0:63.4% L1:33.6% BI: 3.0%
[libx264 @ 0x5ec3991a9080] 8x8 transform intra:84.5% inter:79.7%
[libx264 @ 0x5ec3991a9080] coded y,uvDC,uvAC intra: 63.9% 38.9% 12.8% inter: 24.3% 12.8% 1.0%
[libx264 @ 0x5ec3991a9080] i16 v,h,dc,p: 62% 16% 17%  6%
[libx264 @ 0x5ec3991a9080] i8 v,h,dc,ddl,ddr,vr,hd,vl,hu: 23% 16% 43%  3%  3%  3%  3%  3%  4%
[libx264 @ 0x5ec3991a9080] i4 v,h,dc,ddl,ddr,vr,hd,vl,hu: 40% 19% 16%  5%  4%  4%  5%  4%  4%
[libx264 @ 0x5ec3991a9080] i8c dc,h,v,p: 65% 14% 19%  2%
[libx264 @ 0x5ec3991a9080] Weighted P-Frames: Y:0.0% UV:0.0%
[libx264 @ 0x5ec3991a9080] ref P L0: 76.0% 12.6%  7.5%  3.9%
[libx264 @ 0x5ec3991a9080] ref B L0: 89.9%  7.8%  2.3%
[libx264 @ 0x5ec3991a9080] ref B L1: 98.4%  1.6%
[libx264 @ 0x5ec3991a9080] kb/s:1750.23
[2026-05-16 13:40:54,238][2908355] Replay video saved to models/sample_factory_train_dir/default_experiment/default_experiment_native640_eval.mp4!
(0, 11.574769735336304)
ERROR conda.cli.main_run:execute(148): `conda run python scripts/sample_factory/enjoy_vizdoom_hd_torch26.py --algo=APPO --env=doom_deadly_corridor --train_dir=models/sample_factory_train_dir --experiment=default_experiment --max_num_episodes=10 --save_video --video_frames=8000 --video_name=default_experiment_native640_eval.mp4 --no_render --device=gpu` failed. (See above for error)
