[2026-05-16 13:39:15,852][2887664] register_encoder_factory: <function make_vizdoom_encoder at 0x7a78083fdb40>
fatal: not a git repository (or any of the parent directories): .git
[2026-05-16 13:39:15,857][2887664] Could not query the git revision for the logs, perhaps git is not available
[2026-05-16 13:39:15,857][2887664] Loading existing experiment configuration from models/sample_factory_deadlycorridor_compare_train_dir/edbeeching_3333/config.json
[2026-05-16 13:39:15,857][2887664] Overriding arg 'experiment' with value 'edbeeching_3333' passed from command line
[2026-05-16 13:39:15,858][2887664] Overriding arg 'train_dir' with value 'models/sample_factory_deadlycorridor_compare_train_dir' passed from command line
[2026-05-16 13:39:15,858][2887664] Adding new argument 'lr_adaptive_min'=1e-06 that is not in the saved config file!
[2026-05-16 13:39:15,858][2887664] Adding new argument 'lr_adaptive_max'=0.01 that is not in the saved config file!
[2026-05-16 13:39:15,858][2887664] Adding new argument 'env_gpu_observations'=True that is not in the saved config file!
[2026-05-16 13:39:15,858][2887664] Adding new argument 'no_render'=True that is not in the saved config file!
[2026-05-16 13:39:15,858][2887664] Adding new argument 'save_video'=True that is not in the saved config file!
[2026-05-16 13:39:15,858][2887664] Adding new argument 'video_frames'=8000 that is not in the saved config file!
[2026-05-16 13:39:15,858][2887664] Adding new argument 'video_name'='edbeeching_3333_native640_eval.mp4' that is not in the saved config file!
[2026-05-16 13:39:15,858][2887664] Adding new argument 'max_num_frames'=1000000000.0 that is not in the saved config file!
[2026-05-16 13:39:15,858][2887664] Adding new argument 'max_num_episodes'=10 that is not in the saved config file!
[2026-05-16 13:39:15,858][2887664] Adding new argument 'push_to_hub'=False that is not in the saved config file!
[2026-05-16 13:39:15,858][2887664] Adding new argument 'hf_repository'=None that is not in the saved config file!
[2026-05-16 13:39:15,858][2887664] Adding new argument 'policy_index'=0 that is not in the saved config file!
[2026-05-16 13:39:15,858][2887664] Adding new argument 'eval_deterministic'=False that is not in the saved config file!
[2026-05-16 13:39:15,858][2887664] Adding new argument 'train_script'=None that is not in the saved config file!
[2026-05-16 13:39:15,858][2887664] Adding new argument 'enjoy_script'=None that is not in the saved config file!
[2026-05-16 13:39:15,858][2887664] Adding new argument 'record_to'=None that is not in the saved config file!
[2026-05-16 13:39:15,858][2887664] Using frameskip 1 and render_action_repeat=4 for evaluation
[2026-05-16 13:39:15,880][2887664] Doom resolution: 640x480, resize resolution: (128, 72)
/home/miaoyunlong/miniconda3/envs/vizdoom-rl/lib/python3.10/site-packages/gymnasium/core.py:311: UserWarning: [33mWARN: env.num_agents to get variables from other wrappers is deprecated and will be removed in v1.0, to get this variable you can do `env.unwrapped.num_agents` for environment variables or `env.get_wrapper_attr('num_agents')` that will search the reminding wrappers.[0m
  logger.warn(
/home/miaoyunlong/miniconda3/envs/vizdoom-rl/lib/python3.10/site-packages/gymnasium/core.py:311: UserWarning: [33mWARN: env.is_multiagent to get variables from other wrappers is deprecated and will be removed in v1.0, to get this variable you can do `env.unwrapped.is_multiagent` for environment variables or `env.get_wrapper_attr('is_multiagent')` that will search the reminding wrappers.[0m
  logger.warn(
[2026-05-16 13:39:15,881][2887664] RunningMeanStd input shape: (3, 72, 128)
[2026-05-16 13:39:15,882][2887664] RunningMeanStd input shape: (1,)
[2026-05-16 13:39:15,888][2887664] ConvEncoder: input_channels=3
[2026-05-16 13:39:15,948][2887664] Conv encoder output size: 512
[2026-05-16 13:39:15,949][2887664] Policy head output size: 512
[2026-05-16 13:39:16,186][2887664] Loading state from checkpoint models/sample_factory_deadlycorridor_compare_train_dir/edbeeching_3333/checkpoint_p0/checkpoint_000484909_3972374528.pth...
[2026-05-16 13:39:17,032][2887664] Num frames 100...
[2026-05-16 13:39:17,537][2887664] Num frames 200...
[2026-05-16 13:39:18,030][2887664] Num frames 300...
[2026-05-16 13:39:18,484][2887664] Num frames 400...
[2026-05-16 13:39:18,747][2887664] Avg episode rewards: #0: 22.841, true rewards: #0: 22.841
[2026-05-16 13:39:18,748][2887664] Avg episode reward: 22.841, avg true_objective: 22.841
[2026-05-16 13:39:18,999][2887664] Num frames 500...
[2026-05-16 13:39:19,455][2887664] Num frames 600...
[2026-05-16 13:39:19,908][2887664] Num frames 700...
[2026-05-16 13:39:20,012][2887664] Avg episode rewards: #0: 15.665, true rewards: #0: 15.665
[2026-05-16 13:39:20,012][2887664] Avg episode reward: 15.665, avg true_objective: 15.665
[2026-05-16 13:39:20,422][2887664] Num frames 800...
[2026-05-16 13:39:20,885][2887664] Num frames 900...
[2026-05-16 13:39:20,994][2887664] Avg episode rewards: #0: 11.412, true rewards: #0: 11.412
[2026-05-16 13:39:20,995][2887664] Avg episode reward: 11.412, avg true_objective: 11.412
[2026-05-16 13:39:21,391][2887664] Num frames 1000...
[2026-05-16 13:39:21,858][2887664] Num frames 1100...
[2026-05-16 13:39:22,318][2887664] Num frames 1200...
[2026-05-16 13:39:22,800][2887664] Num frames 1300...
[2026-05-16 13:39:23,285][2887664] Num frames 1400...
[2026-05-16 13:39:23,772][2887664] Num frames 1500...
[2026-05-16 13:39:24,033][2887664] Avg episode rewards: #0: 14.259, true rewards: #0: 14.259
[2026-05-16 13:39:24,033][2887664] Avg episode reward: 14.259, avg true_objective: 14.259
[2026-05-16 13:39:24,321][2887664] Num frames 1600...
[2026-05-16 13:39:24,818][2887664] Num frames 1700...
[2026-05-16 13:39:25,325][2887664] Num frames 1800...
[2026-05-16 13:39:25,647][2887664] Avg episode rewards: #0: 15.961, true rewards: #0: 15.961
[2026-05-16 13:39:25,648][2887664] Avg episode reward: 15.961, avg true_objective: 15.961
[2026-05-16 13:39:25,875][2887664] Num frames 1900...
[2026-05-16 13:39:25,310][2887664] Avg episode rewards: #0: 13.108, true rewards: #0: 13.108
[2026-05-16 13:39:25,310][2887664] Avg episode reward: 13.108, avg true_objective: 13.108
[2026-05-16 13:39:25,471][2887664] Num frames 2000...
[2026-05-16 13:39:26,198][2887664] Num frames 2100...
[2026-05-16 13:39:26,908][2887664] Num frames 2200...
[2026-05-16 13:39:26,984][2887664] Avg episode rewards: #0: 14.488, true rewards: #0: 14.488
[2026-05-16 13:39:26,984][2887664] Avg episode reward: 14.488, avg true_objective: 14.488
[2026-05-16 13:39:27,583][2887664] Avg episode rewards: #0: 12.532, true rewards: #0: 12.532
[2026-05-16 13:39:27,584][2887664] Avg episode reward: 12.532, avg true_objective: 12.532
[2026-05-16 13:39:27,696][2887664] Num frames 2300...
[2026-05-16 13:39:28,412][2887664] Num frames 2400...
[2026-05-16 13:39:29,121][2887664] Num frames 2500...
[2026-05-16 13:39:29,776][2887664] Num frames 2600...
[2026-05-16 13:39:30,331][2887664] Avg episode rewards: #0: 11.787, true rewards: #0: 11.787
[2026-05-16 13:39:30,332][2887664] Avg episode reward: 11.787, avg true_objective: 11.787
[2026-05-16 13:39:30,558][2887664] Num frames 2700...
[2026-05-16 13:39:31,203][2887664] Num frames 2800...
[2026-05-16 13:39:31,858][2887664] Num frames 2900...
[2026-05-16 13:39:32,566][2887664] Num frames 3000...
[2026-05-16 13:39:33,280][2887664] Num frames 3100...
[2026-05-16 13:39:33,443][2887664] Avg episode rewards: #0: 12.884, true rewards: #0: 12.884
[2026-05-16 13:39:33,443][2887664] Avg episode reward: 12.884, avg true_objective: 12.884
ffmpeg version 4.4.2-0ubuntu0.22.04.1 Copyright (c) 2000-2021 the FFmpeg developers
  built with gcc 11 (Ubuntu 11.2.0-19ubuntu1)
  configuration: --prefix=/usr --extra-version=0ubuntu0.22.04.1 --toolchain=hardened --libdir=/usr/lib/x86_64-linux-gnu --incdir=/usr/include/x86_64-linux-gnu --arch=amd64 --enable-gpl --disable-stripping --enable-gnutls --enable-ladspa --enable-libaom --enable-libass --enable-libbluray --enable-libbs2b --enable-libcaca --enable-libcdio --enable-libcodec2 --enable-libdav1d --enable-libflite --enable-libfontconfig --enable-libfreetype --enable-libfribidi --enable-libgme --enable-libgsm --enable-libjack --enable-libmp3lame --enable-libmysofa --enable-libopenjpeg --enable-libopenmpt --enable-libopus --enable-libpulse --enable-librabbitmq --enable-librubberband --enable-libshine --enable-libsnappy --enable-libsoxr --enable-libspeex --enable-libsrt --enable-libssh --enable-libtheora --enable-libtwolame --enable-libvidstab --enable-libvorbis --enable-libvpx --enable-libwebp --enable-libx265 --enable-libxml2 --enable-libxvid --enable-libzimg --enable-libzmq --enable-libzvbi --enable-lv2 --enable-omx --enable-openal --enable-opencl --enable-opengl --enable-sdl2 --enable-pocketsphinx --enable-librsvg --enable-libmfx --enable-libdc1394 --enable-libdrm --enable-libiec61883 --enable-chromaprint --enable-frei0r --enable-libx264 --enable-shared
  libavutil      56. 70.100 / 56. 70.100
  libavcodec     58.134.100 / 58.134.100
  libavformat    58. 76.100 / 58. 76.100
  libavdevice    58. 13.100 / 58. 13.100
  libavfilter     7.110.100 /  7.110.100
  libswscale      5.  9.100 /  5.  9.100
  libswresample   3.  9.100 /  3.  9.100
  libpostproc    55.  9.100 / 55.  9.100
Input #0, mov,mp4,m4a,3gp,3g2,mj2, from '/tmp/sf2_miaoyunlong/edbeeching_3333_native640_eval.mp4':
  Metadata:
    major_brand     : isom
    minor_version   : 512
    compatible_brands: isomiso2mp41
    encoder         : Lavf59.27.100
  Duration: 00:01:29.32, start: 0.000000, bitrate: 5006 kb/s
  Stream #0:0(und): Video: mpeg4 (Simple Profile) (mp4v / 0x7634706D), yuv420p, 640x480 [SAR 1:1 DAR 4:3], 5004 kb/s, 35 fps, 35 tbr, 17920 tbn, 35 tbc (default)
    Metadata:
      handler_name    : VideoHandler
      vendor_id       : [0][0][0][0]
Stream mapping:
  Stream #0:0 -> #0:0 (mpeg4 (native) -> h264 (libx264))
Press [q] to stop, [?] for help
[libx264 @ 0x633248880c80] using SAR=1/1
[libx264 @ 0x633248880c80] using cpu capabilities: MMX2 SSE2Fast SSSE3 SSE4.2 AVX FMA3 BMI2 AVX2
[libx264 @ 0x633248880c80] profile High, level 3.1, 4:2:0, 8-bit
[libx264 @ 0x633248880c80] 264 - core 163 r3060 5db6aa6 - H.264/MPEG-4 AVC codec - Copyleft 2003-2021 - http://www.videolan.org/x264.html - options: cabac=1 ref=3 deblock=1:0:0 analyse=0x3:0x113 me=hex subme=7 psy=1 psy_rd=1.00:0.00 mixed_ref=1 me_range=16 chroma_me=1 trellis=1 8x8dct=1 cqm=0 deadzone=21,11 fast_pskip=1 chroma_qp_offset=-2 threads=15 lookahead_threads=2 sliced_threads=0 nr=0 decimate=1 interlaced=0 bluray_compat=0 constrained_intra=0 bframes=3 b_pyramid=2 b_adapt=1 b_bias=0 direct=1 weightb=1 open_gop=0 weightp=2 keyint=250 keyint_min=25 scenecut=40 intra_refresh=0 rc_lookahead=40 rc=crf mbtree=1 crf=23.0 qcomp=0.60 qpmin=0 qpmax=69 qpstep=4 ip_ratio=1.40 aq=1:1.00
Output #0, mp4, to 'models/sample_factory_deadlycorridor_compare_train_dir/edbeeching_3333/edbeeching_3333_native640_eval.mp4':
  Metadata:
    major_brand     : isom
    minor_version   : 512
    compatible_brands: isomiso2mp41
    encoder         : Lavf58.76.100
  Stream #0:0(und): Video: h264 (avc1 / 0x31637661), yuv420p(progressive), 640x480 [SAR 1:1 DAR 4:3], q=2-31, 35 fps, 17920 tbn (default)
    Metadata:
      handler_name    : VideoHandler
      vendor_id       : [0][0][0][0]
      encoder         : Lavc58.134.100 libx264
    Side data:
      cpb: bitrate max/min/avg: 0/0/0 buffer size: 0 vbv_delay: N/A
frame=    1 fps=0.0 q=0.0 size=       0kB time=00:00:00.00 bitrate=N/A speed=   0x    frame=  153 fps=0.0 q=30.0 size=     256kB time=00:00:02.60 bitrate= 806.7kbits/s speed=4.78x    frame=  362 fps=347 q=30.0 size=    1280kB time=00:00:08.57 bitrate=1223.4kbits/s speed=8.21x    frame=  547 fps=354 q=30.0 size=    2304kB time=00:00:13.85 bitrate=1362.1kbits/s speed=8.97x    frame=  743 fps=363 q=30.0 size=    3328kB time=00:00:19.45 bitrate=1401.2kbits/s speed=9.51x    frame=  948 fps=372 q=30.0 size=    4352kB time=00:00:25.31 bitrate=1408.4kbits/s speed=9.93x    frame= 1164 fps=381 q=30.0 size=    5376kB time=00:00:31.48 bitrate=1398.7kbits/s speed=10.3x    frame= 1381 fps=388 q=30.0 size=    6400kB time=00:00:37.68 bitrate=1391.2kbits/s speed=10.6x    frame= 1586 fps=391 q=30.0 size=    7424kB time=00:00:43.54 bitrate=1396.7kbits/s speed=10.7x    frame= 1789 fps=393 q=30.0 size=    8448kB time=00:00:49.34 bitrate=1402.6kbits/s speed=10.8x    frame= 1981 fps=392 q=30.0 size=    9472kB time=00:00:54.82 bitrate=1415.2kbits/s speed=10.8x    frame= 2189 fps=394 q=30.0 size=   10752kB time=00:01:00.77 bitrate=1449.4kbits/s speed=10.9x    frame= 2389 fps=394 q=30.0 size=   11776kB time=00:01:06.48 bitrate=1451.0kbits/s speed=  11x    frame= 2600 fps=396 q=30.0 size=   12800kB time=00:01:12.51 bitrate=1446.0kbits/s speed=  11x    frame= 2804 fps=397 q=30.0 size=   13824kB time=00:01:18.34 bitrate=1445.5kbits/s speed=11.1x    frame= 3003 fps=397 q=30.0 size=   14848kB time=00:01:24.02 bitrate=1447.5kbits/s speed=11.1x    frame= 3126 fps=392 q=-1.0 Lsize=   15919kB time=00:01:29.22 bitrate=1461.5kbits/s speed=11.2x    
video:15895kB audio:0kB subtitle:0kB other streams:0kB global headers:0kB muxing overhead: 0.153746%
[libx264 @ 0x633248880c80] frame I:14    Avg QP:21.31  size: 33264
[libx264 @ 0x633248880c80] frame P:2385  Avg QP:25.26  size:  5764
[libx264 @ 0x633248880c80] frame B:727   Avg QP:27.91  size:  2837
[libx264 @ 0x633248880c80] consecutive B-frames: 62.5% 16.0% 10.1% 11.4%
[libx264 @ 0x633248880c80] mb I  I16..4:  1.9% 81.5% 16.5%
[libx264 @ 0x633248880c80] mb P  I16..4:  1.0% 12.0%  1.0%  P16..4: 42.8% 10.7%  4.4%  0.0%  0.0%    skip:28.2%
[libx264 @ 0x633248880c80] mb B  I16..4:  0.5%  3.9%  0.2%  B16..8: 41.4%  8.2%  1.1%  direct: 1.8%  skip:43.0%  L0:60.0% L1:37.7% BI: 2.2%
[libx264 @ 0x633248880c80] 8x8 transform intra:85.7% inter:80.1%
[libx264 @ 0x633248880c80] coded y,uvDC,uvAC intra: 60.9% 36.4% 11.5% inter: 19.4% 11.4% 0.8%
[libx264 @ 0x633248880c80] i16 v,h,dc,p: 60% 18% 17%  5%
[libx264 @ 0x633248880c80] i8 v,h,dc,ddl,ddr,vr,hd,vl,hu: 23% 16% 45%  3%  2%  2%  3%  2%  3%
[libx264 @ 0x633248880c80] i4 v,h,dc,ddl,ddr,vr,hd,vl,hu: 40% 19% 16%  5%  4%  3%  4%  4%  4%
[libx264 @ 0x633248880c80] i8c dc,h,v,p: 66% 14% 18%  2%
[libx264 @ 0x633248880c80] Weighted P-Frames: Y:0.0% UV:0.0%
[libx264 @ 0x633248880c80] ref P L0: 74.8% 12.4%  8.2%  4.5%
[libx264 @ 0x633248880c80] ref B L0: 88.7%  9.6%  1.7%
[libx264 @ 0x633248880c80] ref B L1: 98.7%  1.3%
[libx264 @ 0x633248880c80] kb/s:1457.82
[2026-05-16 13:39:46,647][2887664] Replay video saved to models/sample_factory_deadlycorridor_compare_train_dir/edbeeching_3333/edbeeching_3333_native640_eval.mp4!
(0, 12.884131753444672)
ERROR conda.cli.main_run:execute(148): `conda run python scripts/sample_factory/enjoy_vizdoom_hd_torch26.py --algo=APPO --env=doom_deadly_corridor --train_dir=models/sample_factory_deadlycorridor_compare_train_dir --experiment=edbeeching_3333 --max_num_episodes=10 --save_video --video_frames=8000 --video_name=edbeeching_3333_native640_eval.mp4 --no_render --device=gpu` failed. (See above for error)
