[2026-05-16 13:40:24,275][2904507] register_encoder_factory: <function make_vizdoom_encoder at 0x75172c105b40>
fatal: not a git repository (or any of the parent directories): .git
[2026-05-16 13:40:24,280][2904507] Could not query the git revision for the logs, perhaps git is not available
[2026-05-16 13:40:24,281][2904507] Loading existing experiment configuration from models/sample_factory_deadlycorridor_compare_train_dir/execbat/config.json
[2026-05-16 13:40:24,281][2904507] Overriding arg 'experiment' with value 'execbat' passed from command line
[2026-05-16 13:40:24,281][2904507] Overriding arg 'train_dir' with value 'models/sample_factory_deadlycorridor_compare_train_dir' passed from command line
[2026-05-16 13:40:24,281][2904507] Adding new argument 'lr_adaptive_min'=1e-06 that is not in the saved config file!
[2026-05-16 13:40:24,281][2904507] Adding new argument 'lr_adaptive_max'=0.01 that is not in the saved config file!
[2026-05-16 13:40:24,281][2904507] Adding new argument 'no_render'=True that is not in the saved config file!
[2026-05-16 13:40:24,281][2904507] Adding new argument 'save_video'=True that is not in the saved config file!
[2026-05-16 13:40:24,282][2904507] Adding new argument 'video_frames'=8000 that is not in the saved config file!
[2026-05-16 13:40:24,282][2904507] Adding new argument 'video_name'='execbat_native640_eval.mp4' that is not in the saved config file!
[2026-05-16 13:40:24,282][2904507] Adding new argument 'max_num_frames'=1000000000.0 that is not in the saved config file!
[2026-05-16 13:40:24,282][2904507] Adding new argument 'max_num_episodes'=10 that is not in the saved config file!
[2026-05-16 13:40:24,282][2904507] Adding new argument 'push_to_hub'=False that is not in the saved config file!
[2026-05-16 13:40:24,282][2904507] Adding new argument 'hf_repository'=None that is not in the saved config file!
[2026-05-16 13:40:24,282][2904507] Adding new argument 'policy_index'=0 that is not in the saved config file!
[2026-05-16 13:40:24,282][2904507] Adding new argument 'eval_deterministic'=False that is not in the saved config file!
[2026-05-16 13:40:24,282][2904507] Adding new argument 'enjoy_script'=None that is not in the saved config file!
[2026-05-16 13:40:24,282][2904507] Adding new argument 'record_to'=None that is not in the saved config file!
[2026-05-16 13:40:24,282][2904507] Using frameskip 1 and render_action_repeat=4 for evaluation
[2026-05-16 13:40:24,306][2904507] Doom resolution: 640x480, resize resolution: (128, 72)
/home/miaoyunlong/miniconda3/envs/vizdoom-rl/lib/python3.10/site-packages/gymnasium/core.py:311: UserWarning: [33mWARN: env.num_agents to get variables from other wrappers is deprecated and will be removed in v1.0, to get this variable you can do `env.unwrapped.num_agents` for environment variables or `env.get_wrapper_attr('num_agents')` that will search the reminding wrappers.[0m
  logger.warn(
/home/miaoyunlong/miniconda3/envs/vizdoom-rl/lib/python3.10/site-packages/gymnasium/core.py:311: UserWarning: [33mWARN: env.is_multiagent to get variables from other wrappers is deprecated and will be removed in v1.0, to get this variable you can do `env.unwrapped.is_multiagent` for environment variables or `env.get_wrapper_attr('is_multiagent')` that will search the reminding wrappers.[0m
  logger.warn(
[2026-05-16 13:40:24,307][2904507] RunningMeanStd input shape: (3, 72, 128)
[2026-05-16 13:40:24,308][2904507] RunningMeanStd input shape: (1,)
[2026-05-16 13:40:24,315][2904507] ConvEncoder: input_channels=3
[2026-05-16 13:40:24,379][2904507] Conv encoder output size: 512
[2026-05-16 13:40:24,379][2904507] Policy head output size: 512
[2026-05-16 13:40:24,646][2904507] Loading state from checkpoint models/sample_factory_deadlycorridor_compare_train_dir/execbat/checkpoint_p0/checkpoint_000001222_10010624.pth...
[2026-05-16 13:40:25,468][2904507] Avg episode rewards: #0: 3.470, true rewards: #0: 3.470
[2026-05-16 13:40:25,469][2904507] Avg episode reward: 3.470, avg true_objective: 3.470
[2026-05-16 13:40:25,527][2904507] Num frames 100...
[2026-05-16 13:40:25,959][2904507] Num frames 200...
[2026-05-16 13:40:26,055][2904507] Avg episode rewards: #0: 5.215, true rewards: #0: 5.215
[2026-05-16 13:40:26,055][2904507] Avg episode reward: 5.215, avg true_objective: 5.215
[2026-05-16 13:40:26,442][2904507] Num frames 300...
[2026-05-16 13:40:26,720][2904507] Avg episode rewards: #0: 6.121, true rewards: #0: 6.121
[2026-05-16 13:40:26,720][2904507] Avg episode reward: 6.121, avg true_objective: 6.121
[2026-05-16 13:40:26,933][2904507] Num frames 400...
[2026-05-16 13:40:27,379][2904507] Num frames 500...
[2026-05-16 13:40:27,475][2904507] Avg episode rewards: #0: 6.650, true rewards: #0: 6.650
[2026-05-16 13:40:27,475][2904507] Avg episode reward: 6.650, avg true_objective: 6.650
[2026-05-16 13:40:27,873][2904507] Num frames 600...
[2026-05-16 13:40:28,090][2904507] Avg episode rewards: #0: 6.856, true rewards: #0: 6.856
[2026-05-16 13:40:28,090][2904507] Avg episode reward: 6.856, avg true_objective: 6.856
[2026-05-16 13:40:28,361][2904507] Num frames 700...
[2026-05-16 13:40:28,446][2904507] Avg episode rewards: #0: 6.122, true rewards: #0: 6.122
[2026-05-16 13:40:28,447][2904507] Avg episode reward: 6.122, avg true_objective: 6.122
[2026-05-16 13:40:28,865][2904507] Num frames 800...
[2026-05-16 13:40:29,082][2904507] Avg episode rewards: #0: 6.256, true rewards: #0: 6.256
[2026-05-16 13:40:29,082][2904507] Avg episode reward: 6.256, avg true_objective: 6.256
[2026-05-16 13:40:28,456][2904507] Num frames 900...
[2026-05-16 13:40:28,704][2904507] Avg episode rewards: #0: 6.247, true rewards: #0: 6.247
[2026-05-16 13:40:28,704][2904507] Avg episode reward: 6.247, avg true_objective: 6.247
[2026-05-16 13:40:29,021][2904507] Num frames 1000...
[2026-05-16 13:40:29,526][2904507] Avg episode rewards: #0: 6.437, true rewards: #0: 6.437
[2026-05-16 13:40:29,526][2904507] Avg episode reward: 6.437, avg true_objective: 6.437
[2026-05-16 13:40:29,598][2904507] Num frames 1100...
[2026-05-16 13:40:30,110][2904507] Num frames 1200...
[2026-05-16 13:40:30,505][2904507] Avg episode rewards: #0: 8.070, true rewards: #0: 8.070
[2026-05-16 13:40:30,506][2904507] Avg episode reward: 8.070, avg true_objective: 8.070
ffmpeg version 4.4.2-0ubuntu0.22.04.1 Copyright (c) 2000-2021 the FFmpeg developers
  built with gcc 11 (Ubuntu 11.2.0-19ubuntu1)
  configuration: --prefix=/usr --extra-version=0ubuntu0.22.04.1 --toolchain=hardened --libdir=/usr/lib/x86_64-linux-gnu --incdir=/usr/include/x86_64-linux-gnu --arch=amd64 --enable-gpl --disable-stripping --enable-gnutls --enable-ladspa --enable-libaom --enable-libass --enable-libbluray --enable-libbs2b --enable-libcaca --enable-libcdio --enable-libcodec2 --enable-libdav1d --enable-libflite --enable-libfontconfig --enable-libfreetype --enable-libfribidi --enable-libgme --enable-libgsm --enable-libjack --enable-libmp3lame --enable-libmysofa --enable-libopenjpeg --enable-libopenmpt --enable-libopus --enable-libpulse --enable-librabbitmq --enable-librubberband --enable-libshine --enable-libsnappy --enable-libsoxr --enable-libspeex --enable-libsrt --enable-libssh --enable-libtheora --enable-libtwolame --enable-libvidstab --enable-libvorbis --enable-libvpx --enable-libwebp --enable-libx265 --enable-libxml2 --enable-libxvid --enable-libzimg --enable-libzmq --enable-libzvbi --enable-lv2 --enable-omx --enable-openal --enable-opencl --enable-opengl --enable-sdl2 --enable-pocketsphinx --enable-librsvg --enable-libmfx --enable-libdc1394 --enable-libdrm --enable-libiec61883 --enable-chromaprint --enable-frei0r --enable-libx264 --enable-shared
  libavutil      56. 70.100 / 56. 70.100
  libavcodec     58.134.100 / 58.134.100
  libavformat    58. 76.100 / 58. 76.100
  libavdevice    58. 13.100 / 58. 13.100
  libavfilter     7.110.100 /  7.110.100
  libswscale      5.  9.100 /  5.  9.100
  libswresample   3.  9.100 /  3.  9.100
  libpostproc    55.  9.100 / 55.  9.100
Input #0, mov,mp4,m4a,3gp,3g2,mj2, from '/tmp/sf2_miaoyunlong/execbat_native640_eval.mp4':
  Metadata:
    major_brand     : isom
    minor_version   : 512
    compatible_brands: isomiso2mp41
    encoder         : Lavf59.27.100
  Duration: 00:00:36.63, start: 0.000000, bitrate: 5540 kb/s
  Stream #0:0(und): Video: mpeg4 (Simple Profile) (mp4v / 0x7634706D), yuv420p, 640x480 [SAR 1:1 DAR 4:3], 5539 kb/s, 35 fps, 35 tbr, 17920 tbn, 35 tbc (default)
    Metadata:
      handler_name    : VideoHandler
      vendor_id       : [0][0][0][0]
Stream mapping:
  Stream #0:0 -> #0:0 (mpeg4 (native) -> h264 (libx264))
Press [q] to stop, [?] for help
[libx264 @ 0x6519afea60c0] using SAR=1/1
[libx264 @ 0x6519afea60c0] using cpu capabilities: MMX2 SSE2Fast SSSE3 SSE4.2 AVX FMA3 BMI2 AVX2
[libx264 @ 0x6519afea60c0] profile High, level 3.1, 4:2:0, 8-bit
[libx264 @ 0x6519afea60c0] 264 - core 163 r3060 5db6aa6 - H.264/MPEG-4 AVC codec - Copyleft 2003-2021 - http://www.videolan.org/x264.html - options: cabac=1 ref=3 deblock=1:0:0 analyse=0x3:0x113 me=hex subme=7 psy=1 psy_rd=1.00:0.00 mixed_ref=1 me_range=16 chroma_me=1 trellis=1 8x8dct=1 cqm=0 deadzone=21,11 fast_pskip=1 chroma_qp_offset=-2 threads=15 lookahead_threads=2 sliced_threads=0 nr=0 decimate=1 interlaced=0 bluray_compat=0 constrained_intra=0 bframes=3 b_pyramid=2 b_adapt=1 b_bias=0 direct=1 weightb=1 open_gop=0 weightp=2 keyint=250 keyint_min=25 scenecut=40 intra_refresh=0 rc_lookahead=40 rc=crf mbtree=1 crf=23.0 qcomp=0.60 qpmin=0 qpmax=69 qpstep=4 ip_ratio=1.40 aq=1:1.00
Output #0, mp4, to 'models/sample_factory_deadlycorridor_compare_train_dir/execbat/execbat_native640_eval.mp4':
  Metadata:
    major_brand     : isom
    minor_version   : 512
    compatible_brands: isomiso2mp41
    encoder         : Lavf58.76.100
  Stream #0:0(und): Video: h264 (avc1 / 0x31637661), yuv420p(progressive), 640x480 [SAR 1:1 DAR 4:3], q=2-31, 35 fps, 17920 tbn (default)
    Metadata:
      handler_name    : VideoHandler
      vendor_id       : [0][0][0][0]
      encoder         : Lavc58.134.100 libx264
    Side data:
      cpb: bitrate max/min/avg: 0/0/0 buffer size: 0 vbv_delay: N/A
frame=    1 fps=0.0 q=0.0 size=       0kB time=00:00:00.00 bitrate=N/A speed=   0x    frame=  220 fps=0.0 q=30.0 size=     768kB time=00:00:04.51 bitrate=1393.7kbits/s speed=8.79x    frame=  405 fps=399 q=30.0 size=    2048kB time=00:00:09.80 bitrate=1712.0kbits/s speed=9.67x    frame=  596 fps=394 q=30.0 size=    3072kB time=00:00:15.25 bitrate=1649.5kbits/s speed=10.1x    frame=  790 fps=392 q=30.0 size=    4352kB time=00:00:20.80 bitrate=1714.0kbits/s speed=10.3x    frame=  972 fps=386 q=30.0 size=    5376kB time=00:00:26.00 bitrate=1693.9kbits/s speed=10.3x    frame= 1167 fps=387 q=30.0 size=    6656kB time=00:00:31.57 bitrate=1727.1kbits/s speed=10.5x    frame= 1282 fps=368 q=-1.0 Lsize=    7801kB time=00:00:36.54 bitrate=1748.8kbits/s speed=10.5x    
video:7790kB audio:0kB subtitle:0kB other streams:0kB global headers:0kB muxing overhead: 0.140807%
[libx264 @ 0x6519afea60c0] frame I:6     Avg QP:21.37  size: 35350
[libx264 @ 0x6519afea60c0] frame P:884   Avg QP:25.64  size:  7090
[libx264 @ 0x6519afea60c0] frame B:392   Avg QP:27.68  size:  3818
[libx264 @ 0x6519afea60c0] consecutive B-frames: 55.1%  7.3% 15.4% 22.2%
[libx264 @ 0x6519afea60c0] mb I  I16..4:  1.1% 84.9% 14.0%
[libx264 @ 0x6519afea60c0] mb P  I16..4:  1.0% 14.5%  1.5%  P16..4: 43.1% 12.5%  4.7%  0.0%  0.0%    skip:22.6%
[libx264 @ 0x6519afea60c0] mb B  I16..4:  0.7%  5.6%  0.4%  B16..8: 39.6% 11.3%  1.5%  direct: 2.6%  skip:38.3%  L0:62.5% L1:34.4% BI: 3.0%
[libx264 @ 0x6519afea60c0] 8x8 transform intra:84.8% inter:80.1%
[libx264 @ 0x6519afea60c0] coded y,uvDC,uvAC intra: 65.4% 39.3% 13.0% inter: 24.2% 12.5% 0.9%
[libx264 @ 0x6519afea60c0] i16 v,h,dc,p: 62% 15% 16%  6%
[libx264 @ 0x6519afea60c0] i8 v,h,dc,ddl,ddr,vr,hd,vl,hu: 22% 16% 42%  3%  3%  3%  3%  3%  4%
[libx264 @ 0x6519afea60c0] i4 v,h,dc,ddl,ddr,vr,hd,vl,hu: 40% 19% 16%  5%  4%  4%  5%  4%  4%
[libx264 @ 0x6519afea60c0] i8c dc,h,v,p: 65% 14% 19%  2%
[libx264 @ 0x6519afea60c0] Weighted P-Frames: Y:0.0% UV:0.0%
[libx264 @ 0x6519afea60c0] ref P L0: 75.5% 12.6%  7.7%  4.2%
[libx264 @ 0x6519afea60c0] ref B L0: 89.9%  7.7%  2.4%
[libx264 @ 0x6519afea60c0] ref B L1: 97.9%  2.1%
[libx264 @ 0x6519afea60c0] kb/s:1742.06
[2026-05-16 13:40:36,347][2904507] Replay video saved to models/sample_factory_deadlycorridor_compare_train_dir/execbat/execbat_native640_eval.mp4!
(0, 8.070446634292603)
ERROR conda.cli.main_run:execute(148): `conda run python scripts/sample_factory/enjoy_vizdoom_hd_torch26.py --algo=APPO --env=doom_deadly_corridor --train_dir=models/sample_factory_deadlycorridor_compare_train_dir --experiment=execbat --max_num_episodes=10 --save_video --video_frames=8000 --video_name=execbat_native640_eval.mp4 --no_render --device=gpu` failed. (See above for error)
