[2026-05-16 13:40:08,679][2900694] register_encoder_factory: <function make_vizdoom_encoder at 0x7df293b01b40>
fatal: not a git repository (or any of the parent directories): .git
[2026-05-16 13:40:08,685][2900694] Could not query the git revision for the logs, perhaps git is not available
[2026-05-16 13:40:08,686][2900694] Loading existing experiment configuration from models/sample_factory_deadlycorridor_compare_train_dir/ramon/config.json
[2026-05-16 13:40:08,686][2900694] Overriding arg 'experiment' with value 'ramon' passed from command line
[2026-05-16 13:40:08,686][2900694] Overriding arg 'train_dir' with value 'models/sample_factory_deadlycorridor_compare_train_dir' passed from command line
[2026-05-16 13:40:08,686][2900694] Adding new argument 'no_render'=True that is not in the saved config file!
[2026-05-16 13:40:08,686][2900694] Adding new argument 'save_video'=True that is not in the saved config file!
[2026-05-16 13:40:08,686][2900694] Adding new argument 'video_frames'=8000 that is not in the saved config file!
[2026-05-16 13:40:08,686][2900694] Adding new argument 'video_name'='ramon_native640_eval.mp4' that is not in the saved config file!
[2026-05-16 13:40:08,686][2900694] Adding new argument 'max_num_frames'=1000000000.0 that is not in the saved config file!
[2026-05-16 13:40:08,686][2900694] Adding new argument 'max_num_episodes'=10 that is not in the saved config file!
[2026-05-16 13:40:08,686][2900694] Adding new argument 'push_to_hub'=False that is not in the saved config file!
[2026-05-16 13:40:08,687][2900694] Adding new argument 'hf_repository'=None that is not in the saved config file!
[2026-05-16 13:40:08,687][2900694] Adding new argument 'policy_index'=0 that is not in the saved config file!
[2026-05-16 13:40:08,687][2900694] Adding new argument 'eval_deterministic'=False that is not in the saved config file!
[2026-05-16 13:40:08,687][2900694] Adding new argument 'train_script'=None that is not in the saved config file!
[2026-05-16 13:40:08,687][2900694] Adding new argument 'enjoy_script'=None that is not in the saved config file!
[2026-05-16 13:40:08,687][2900694] Adding new argument 'record_to'=None that is not in the saved config file!
[2026-05-16 13:40:08,687][2900694] Using frameskip 1 and render_action_repeat=4 for evaluation
[2026-05-16 13:40:08,711][2900694] Doom resolution: 640x480, resize resolution: (128, 72)
/home/miaoyunlong/miniconda3/envs/vizdoom-rl/lib/python3.10/site-packages/gymnasium/core.py:311: UserWarning: [33mWARN: env.num_agents to get variables from other wrappers is deprecated and will be removed in v1.0, to get this variable you can do `env.unwrapped.num_agents` for environment variables or `env.get_wrapper_attr('num_agents')` that will search the reminding wrappers.[0m
  logger.warn(
/home/miaoyunlong/miniconda3/envs/vizdoom-rl/lib/python3.10/site-packages/gymnasium/core.py:311: UserWarning: [33mWARN: env.is_multiagent to get variables from other wrappers is deprecated and will be removed in v1.0, to get this variable you can do `env.unwrapped.is_multiagent` for environment variables or `env.get_wrapper_attr('is_multiagent')` that will search the reminding wrappers.[0m
  logger.warn(
[2026-05-16 13:40:08,712][2900694] RunningMeanStd input shape: (3, 72, 128)
[2026-05-16 13:40:08,712][2900694] RunningMeanStd input shape: (1,)
[2026-05-16 13:40:08,719][2900694] ConvEncoder: input_channels=3
[2026-05-16 13:40:08,776][2900694] Conv encoder output size: 512
[2026-05-16 13:40:08,777][2900694] Policy head output size: 512
[2026-05-16 13:40:09,048][2900694] Loading state from checkpoint models/sample_factory_deadlycorridor_compare_train_dir/ramon/checkpoint_p0/checkpoint_000002443_10006528.pth...
[2026-05-16 13:40:09,896][2900694] Avg episode rewards: #0: 4.049, true rewards: #0: 4.049
[2026-05-16 13:40:09,897][2900694] Avg episode reward: 4.049, avg true_objective: 4.049
[2026-05-16 13:40:09,925][2900694] Num frames 100...
[2026-05-16 13:40:10,364][2900694] Num frames 200...
[2026-05-16 13:40:10,774][2900694] Avg episode rewards: #0: 13.429, true rewards: #0: 13.429
[2026-05-16 13:40:10,774][2900694] Avg episode reward: 13.429, avg true_objective: 13.429
[2026-05-16 13:40:10,856][2900694] Num frames 300...
[2026-05-16 13:40:11,069][2900694] Avg episode rewards: #0: 9.664, true rewards: #0: 9.664
[2026-05-16 13:40:11,069][2900694] Avg episode reward: 9.664, avg true_objective: 9.664
[2026-05-16 13:40:11,352][2900694] Num frames 400...
[2026-05-16 13:40:11,802][2900694] Num frames 500...
[2026-05-16 13:40:12,007][2900694] Avg episode rewards: #0: 12.951, true rewards: #0: 12.951
[2026-05-16 13:40:12,007][2900694] Avg episode reward: 12.951, avg true_objective: 12.951
[2026-05-16 13:40:12,301][2900694] Num frames 600...
[2026-05-16 13:40:12,731][2900694] Avg episode rewards: #0: 11.840, true rewards: #0: 11.840
[2026-05-16 13:40:12,731][2900694] Avg episode reward: 11.840, avg true_objective: 11.840
[2026-05-16 13:40:12,796][2900694] Num frames 700...
[2026-05-16 13:40:13,033][2900694] Avg episode rewards: #0: 10.088, true rewards: #0: 10.088
[2026-05-16 13:40:13,033][2900694] Avg episode reward: 10.088, avg true_objective: 10.088
[2026-05-16 13:40:13,328][2900694] Num frames 800...
[2026-05-16 13:40:13,692][2900694] Avg episode rewards: #0: 9.566, true rewards: #0: 9.566
[2026-05-16 13:40:13,692][2900694] Avg episode reward: 9.566, avg true_objective: 9.566
[2026-05-16 13:40:13,814][2900694] Num frames 900...
[2026-05-16 13:40:14,255][2900694] Num frames 1000...
[2026-05-16 13:40:14,509][2900694] Avg episode rewards: #0: 9.714, true rewards: #0: 9.714
[2026-05-16 13:40:14,510][2900694] Avg episode reward: 9.714, avg true_objective: 9.714
[2026-05-16 13:40:14,769][2900694] Num frames 1100...
[2026-05-16 13:40:15,163][2900694] Avg episode rewards: #0: 9.418, true rewards: #0: 9.418
[2026-05-16 13:40:15,164][2900694] Avg episode reward: 9.418, avg true_objective: 9.418
[2026-05-16 13:40:15,296][2900694] Num frames 1200...
[2026-05-16 13:40:15,788][2900694] Avg episode rewards: #0: 9.175, true rewards: #0: 9.175
[2026-05-16 13:40:15,789][2900694] Avg episode reward: 9.175, avg true_objective: 9.175
[2026-05-16 13:40:15,799][2900694] Num frames 1300...
ffmpeg version 4.4.2-0ubuntu0.22.04.1 Copyright (c) 2000-2021 the FFmpeg developers
  built with gcc 11 (Ubuntu 11.2.0-19ubuntu1)
  configuration: --prefix=/usr --extra-version=0ubuntu0.22.04.1 --toolchain=hardened --libdir=/usr/lib/x86_64-linux-gnu --incdir=/usr/include/x86_64-linux-gnu --arch=amd64 --enable-gpl --disable-stripping --enable-gnutls --enable-ladspa --enable-libaom --enable-libass --enable-libbluray --enable-libbs2b --enable-libcaca --enable-libcdio --enable-libcodec2 --enable-libdav1d --enable-libflite --enable-libfontconfig --enable-libfreetype --enable-libfribidi --enable-libgme --enable-libgsm --enable-libjack --enable-libmp3lame --enable-libmysofa --enable-libopenjpeg --enable-libopenmpt --enable-libopus --enable-libpulse --enable-librabbitmq --enable-librubberband --enable-libshine --enable-libsnappy --enable-libsoxr --enable-libspeex --enable-libsrt --enable-libssh --enable-libtheora --enable-libtwolame --enable-libvidstab --enable-libvorbis --enable-libvpx --enable-libwebp --enable-libx265 --enable-libxml2 --enable-libxvid --enable-libzimg --enable-libzmq --enable-libzvbi --enable-lv2 --enable-omx --enable-openal --enable-opencl --enable-opengl --enable-sdl2 --enable-pocketsphinx --enable-librsvg --enable-libmfx --enable-libdc1394 --enable-libdrm --enable-libiec61883 --enable-chromaprint --enable-frei0r --enable-libx264 --enable-shared
  libavutil      56. 70.100 / 56. 70.100
  libavcodec     58.134.100 / 58.134.100
  libavformat    58. 76.100 / 58. 76.100
  libavdevice    58. 13.100 / 58. 13.100
  libavfilter     7.110.100 /  7.110.100
  libswscale      5.  9.100 /  5.  9.100
  libswresample   3.  9.100 /  3.  9.100
  libpostproc    55.  9.100 / 55.  9.100
Input #0, mov,mp4,m4a,3gp,3g2,mj2, from '/tmp/sf2_miaoyunlong/ramon_native640_eval.mp4':
  Metadata:
    major_brand     : isom
    minor_version   : 512
    compatible_brands: isomiso2mp41
    encoder         : Lavf59.27.100
  Duration: 00:00:37.43, start: 0.000000, bitrate: 5569 kb/s
  Stream #0:0(und): Video: mpeg4 (Simple Profile) (mp4v / 0x7634706D), yuv420p, 640x480 [SAR 1:1 DAR 4:3], 5568 kb/s, 35 fps, 35 tbr, 17920 tbn, 35 tbc (default)
    Metadata:
      handler_name    : VideoHandler
      vendor_id       : [0][0][0][0]
Stream mapping:
  Stream #0:0 -> #0:0 (mpeg4 (native) -> h264 (libx264))
Press [q] to stop, [?] for help
[libx264 @ 0x5ee66944fd80] using SAR=1/1
[libx264 @ 0x5ee66944fd80] using cpu capabilities: MMX2 SSE2Fast SSSE3 SSE4.2 AVX FMA3 BMI2 AVX2
[libx264 @ 0x5ee66944fd80] profile High, level 3.1, 4:2:0, 8-bit
[libx264 @ 0x5ee66944fd80] 264 - core 163 r3060 5db6aa6 - H.264/MPEG-4 AVC codec - Copyleft 2003-2021 - http://www.videolan.org/x264.html - options: cabac=1 ref=3 deblock=1:0:0 analyse=0x3:0x113 me=hex subme=7 psy=1 psy_rd=1.00:0.00 mixed_ref=1 me_range=16 chroma_me=1 trellis=1 8x8dct=1 cqm=0 deadzone=21,11 fast_pskip=1 chroma_qp_offset=-2 threads=15 lookahead_threads=2 sliced_threads=0 nr=0 decimate=1 interlaced=0 bluray_compat=0 constrained_intra=0 bframes=3 b_pyramid=2 b_adapt=1 b_bias=0 direct=1 weightb=1 open_gop=0 weightp=2 keyint=250 keyint_min=25 scenecut=40 intra_refresh=0 rc_lookahead=40 rc=crf mbtree=1 crf=23.0 qcomp=0.60 qpmin=0 qpmax=69 qpstep=4 ip_ratio=1.40 aq=1:1.00
Output #0, mp4, to 'models/sample_factory_deadlycorridor_compare_train_dir/ramon/ramon_native640_eval.mp4':
  Metadata:
    major_brand     : isom
    minor_version   : 512
    compatible_brands: isomiso2mp41
    encoder         : Lavf58.76.100
  Stream #0:0(und): Video: h264 (avc1 / 0x31637661), yuv420p(progressive), 640x480 [SAR 1:1 DAR 4:3], q=2-31, 35 fps, 17920 tbn (default)
    Metadata:
      handler_name    : VideoHandler
      vendor_id       : [0][0][0][0]
      encoder         : Lavc58.134.100 libx264
    Side data:
      cpb: bitrate max/min/avg: 0/0/0 buffer size: 0 vbv_delay: N/A
frame=    1 fps=0.0 q=0.0 size=       0kB time=00:00:00.00 bitrate=N/A speed=   0x    frame=  220 fps=0.0 q=30.0 size=     768kB time=00:00:04.51 bitrate=1393.7kbits/s speed=8.82x    frame=  411 fps=406 q=30.0 size=    2048kB time=00:00:09.97 bitrate=1682.6kbits/s speed=9.86x    frame=  601 fps=397 q=30.0 size=    3072kB time=00:00:15.40 bitrate=1634.2kbits/s speed=10.2x    frame=  793 fps=394 q=30.0 size=    4352kB time=00:00:20.88 bitrate=1707.0kbits/s speed=10.4x    frame=  995 fps=396 q=30.0 size=    5376kB time=00:00:26.65 bitrate=1652.1kbits/s speed=10.6x    frame= 1172 fps=389 q=30.0 size=    6400kB time=00:00:31.71 bitrate=1653.2kbits/s speed=10.5x    frame= 1310 fps=373 q=-1.0 Lsize=    7835kB time=00:00:37.34 bitrate=1718.7kbits/s speed=10.6x    
video:7824kB audio:0kB subtitle:0kB other streams:0kB global headers:0kB muxing overhead: 0.139296%
[libx264 @ 0x5ee66944fd80] frame I:6     Avg QP:21.46  size: 36024
[libx264 @ 0x5ee66944fd80] frame P:934   Avg QP:25.61  size:  6819
[libx264 @ 0x5ee66944fd80] frame B:370   Avg QP:27.68  size:  3853
[libx264 @ 0x5ee66944fd80] consecutive B-frames: 58.0%  8.4% 13.7% 19.8%
[libx264 @ 0x5ee66944fd80] mb I  I16..4:  1.1% 84.5% 14.4%
[libx264 @ 0x5ee66944fd80] mb P  I16..4:  1.3% 15.3%  1.6%  P16..4: 41.7% 11.7%  4.6%  0.0%  0.0%    skip:23.8%
[libx264 @ 0x5ee66944fd80] mb B  I16..4:  0.9%  6.4%  0.6%  B16..8: 37.9% 10.9%  1.5%  direct: 2.7%  skip:39.2%  L0:62.9% L1:34.1% BI: 3.0%
[libx264 @ 0x5ee66944fd80] 8x8 transform intra:83.8% inter:79.9%
[libx264 @ 0x5ee66944fd80] coded y,uvDC,uvAC intra: 61.9% 38.3% 13.1% inter: 23.3% 12.3% 1.0%
[libx264 @ 0x5ee66944fd80] i16 v,h,dc,p: 62% 18% 15%  6%
[libx264 @ 0x5ee66944fd80] i8 v,h,dc,ddl,ddr,vr,hd,vl,hu: 24% 16% 41%  3%  3%  3%  3%  3%  4%
[libx264 @ 0x5ee66944fd80] i4 v,h,dc,ddl,ddr,vr,hd,vl,hu: 41% 19% 16%  5%  4%  4%  5%  4%  4%
[libx264 @ 0x5ee66944fd80] i8c dc,h,v,p: 65% 15% 19%  2%
[libx264 @ 0x5ee66944fd80] Weighted P-Frames: Y:0.0% UV:0.0%
[libx264 @ 0x5ee66944fd80] ref P L0: 75.7% 12.3%  7.9%  4.1%
[libx264 @ 0x5ee66944fd80] ref B L0: 89.1%  8.2%  2.7%
[libx264 @ 0x5ee66944fd80] ref B L1: 97.6%  2.4%
[libx264 @ 0x5ee66944fd80] kb/s:1712.28
[2026-05-16 13:40:21,542][2900694] Replay video saved to models/sample_factory_deadlycorridor_compare_train_dir/ramon/ramon_native640_eval.mp4!
(0, 9.174693846702576)
ERROR conda.cli.main_run:execute(148): `conda run python scripts/sample_factory/enjoy_vizdoom_hd_torch26.py --algo=APPO --env=doom_deadly_corridor --train_dir=models/sample_factory_deadlycorridor_compare_train_dir --experiment=ramon --max_num_episodes=10 --save_video --video_frames=8000 --video_name=ramon_native640_eval.mp4 --no_render --device=gpu` failed. (See above for error)
